ERROR - 2022-04-17 14:51:02 --> Error connecting to the database: Access denied for user '****'@'localhost' (using password: YES)
CRITICAL - 2022-04-17 14:51:02 --> Unable to connect to the database.
Main connection [MySQLi]: Access denied for user '****'@'localhost' (using password: YES)
#0 /srv/http/alcala/system/Database/BaseConnection.php(577): CodeIgniter\Database\BaseConnection->initialize()
#1 /srv/http/alcala/system/Database/BaseBuilder.php(1443): CodeIgniter\Database\BaseConnection->query()
#2 /srv/http/alcala/system/Model.php(145): CodeIgniter\Database\BaseBuilder->get()
#3 /srv/http/alcala/system/BaseModel.php(523): CodeIgniter\Model->doFind()
#4 /srv/http/alcala/system/Model.php(161): CodeIgniter\BaseModel->find()
#5 /srv/http/alcala/system/BaseModel.php(554): CodeIgniter\Model->doFindColumn()
#6 /srv/http/alcala/app/Models/UsersModel.php(48): CodeIgniter\BaseModel->findColumn()
#7 /srv/http/alcala/app/Controllers/api/UsersController.php(36): App\Models\UsersModel->getAllClabe()
#8 /srv/http/alcala/system/CodeIgniter.php(824): App\Controllers\api\UsersController->getAllClabe()
#9 /srv/http/alcala/system/CodeIgniter.php(410): CodeIgniter\CodeIgniter->runController()
#10 /srv/http/alcala/system/CodeIgniter.php(318): CodeIgniter\CodeIgniter->handleRequest()
#11 /srv/http/alcala/index.php(37): CodeIgniter\CodeIgniter->run()
#12 {main}
ERROR - 2022-04-17 14:51:29 --> Error connecting to the database: Access denied for user '****'@'localhost' (using password: YES)
CRITICAL - 2022-04-17 14:51:29 --> Unable to connect to the database.
Main connection [MySQLi]: Access denied for user '****'@'localhost' (using password: YES)
#0 /srv/http/alcala/system/Database/BaseConnection.php(577): CodeIgniter\Database\BaseConnection->initialize()
#1 /srv/http/alcala/system/Database/BaseBuilder.php(1443): CodeIgniter\Database\BaseConnection->query()
#2 /srv/http/alcala/system/Model.php(145): CodeIgniter\Database\BaseBuilder->get()
#3 /srv/http/alcala/system/BaseModel.php(523): CodeIgniter\Model->doFind()
#4 /srv/http/alcala/system/Model.php(161): CodeIgniter\BaseModel->find()
#5 /srv/http/alcala/system/BaseModel.php(554): CodeIgniter\Model->doFindColumn()
#6 /srv/http/alcala/app/Models/UsersModel.php(48): CodeIgniter\BaseModel->findColumn()
#7 /srv/http/alcala/app/Controllers/api/UsersController.php(36): App\Models\UsersModel->getAllClabe()
#8 /srv/http/alcala/system/CodeIgniter.php(824): App\Controllers\api\UsersController->getAllClabe()
#9 /srv/http/alcala/system/CodeIgniter.php(410): CodeIgniter\CodeIgniter->runController()
#10 /srv/http/alcala/system/CodeIgniter.php(318): CodeIgniter\CodeIgniter->handleRequest()
#11 /srv/http/alcala/index.php(37): CodeIgniter\CodeIgniter->run()
#12 {main}
ERROR - 2022-04-17 14:53:56 --> Error connecting to the database: Access denied for user '****'@'localhost' (using password: YES)
CRITICAL - 2022-04-17 14:53:56 --> Unable to connect to the database.
Main connection [MySQLi]: Access denied for user '****'@'localhost' (using password: YES)
#0 /srv/http/alcala/system/Database/BaseConnection.php(577): CodeIgniter\Database\BaseConnection->initialize()
#1 /srv/http/alcala/system/Database/BaseBuilder.php(1443): CodeIgniter\Database\BaseConnection->query()
#2 /srv/http/alcala/system/Model.php(145): CodeIgniter\Database\BaseBuilder->get()
#3 /srv/http/alcala/system/BaseModel.php(523): CodeIgniter\Model->doFind()
#4 /srv/http/alcala/system/Model.php(161): CodeIgniter\BaseModel->find()
#5 /srv/http/alcala/system/BaseModel.php(554): CodeIgniter\Model->doFindColumn()
#6 /srv/http/alcala/app/Models/UsersModel.php(48): CodeIgniter\BaseModel->findColumn()
#7 /srv/http/alcala/app/Controllers/api/UsersController.php(36): App\Models\UsersModel->getAllClabe()
#8 /srv/http/alcala/system/CodeIgniter.php(824): App\Controllers\api\UsersController->getAllClabe()
#9 /srv/http/alcala/system/CodeIgniter.php(410): CodeIgniter\CodeIgniter->runController()
#10 /srv/http/alcala/system/CodeIgniter.php(318): CodeIgniter\CodeIgniter->handleRequest()
#11 /srv/http/alcala/index.php(37): CodeIgniter\CodeIgniter->run()
#12 {main}
CRITICAL - 2022-04-17 19:56:14 --> count(): Parameter must be an array or an object that implements Countable
#0 [internal function]: CodeIgniter\Debug\Exceptions->errorHandler()
#1 /srv/http/alcala/app/Models/RequestModel.php(27): count()
#2 /srv/http/alcala/app/Controllers/api/RequestsController.php(83): App\Models\RequestModel->getRequestByIdUser()
#3 /srv/http/alcala/system/CodeIgniter.php(824): App\Controllers\api\RequestsController->getRequestByUser()
#4 /srv/http/alcala/system/CodeIgniter.php(410): CodeIgniter\CodeIgniter->runController()
#5 /srv/http/alcala/system/CodeIgniter.php(318): CodeIgniter\CodeIgniter->handleRequest()
#6 /srv/http/alcala/index.php(37): CodeIgniter\CodeIgniter->run()
#7 {main}
CRITICAL - 2022-04-17 19:56:26 --> count(): Parameter must be an array or an object that implements Countable
#0 [internal function]: CodeIgniter\Debug\Exceptions->errorHandler()
#1 /srv/http/alcala/app/Models/RequestModel.php(27): count()
#2 /srv/http/alcala/app/Controllers/api/RequestsController.php(83): App\Models\RequestModel->getRequestByIdUser()
#3 /srv/http/alcala/system/CodeIgniter.php(824): App\Controllers\api\RequestsController->getRequestByUser()
#4 /srv/http/alcala/system/CodeIgniter.php(410): CodeIgniter\CodeIgniter->runController()
#5 /srv/http/alcala/system/CodeIgniter.php(318): CodeIgniter\CodeIgniter->handleRequest()
#6 /srv/http/alcala/index.php(37): CodeIgniter\CodeIgniter->run()
#7 {main}
CRITICAL - 2022-04-17 19:56:28 --> count(): Parameter must be an array or an object that implements Countable
#0 [internal function]: CodeIgniter\Debug\Exceptions->errorHandler()
#1 /srv/http/alcala/app/Models/RequestModel.php(27): count()
#2 /srv/http/alcala/app/Controllers/api/RequestsController.php(83): App\Models\RequestModel->getRequestByIdUser()
#3 /srv/http/alcala/system/CodeIgniter.php(824): App\Controllers\api\RequestsController->getRequestByUser()
#4 /srv/http/alcala/system/CodeIgniter.php(410): CodeIgniter\CodeIgniter->runController()
#5 /srv/http/alcala/system/CodeIgniter.php(318): CodeIgniter\CodeIgniter->handleRequest()
#6 /srv/http/alcala/index.php(37): CodeIgniter\CodeIgniter->run()
#7 {main}
CRITICAL - 2022-04-17 19:59:22 --> count(): Parameter must be an array or an object that implements Countable
#0 [internal function]: CodeIgniter\Debug\Exceptions->errorHandler()
#1 /srv/http/alcala/app/Models/RequestModel.php(27): count()
#2 /srv/http/alcala/app/Controllers/api/RequestsController.php(83): App\Models\RequestModel->getRequestByIdUser()
#3 /srv/http/alcala/system/CodeIgniter.php(824): App\Controllers\api\RequestsController->getRequestByUser()
#4 /srv/http/alcala/system/CodeIgniter.php(410): CodeIgniter\CodeIgniter->runController()
#5 /srv/http/alcala/system/CodeIgniter.php(318): CodeIgniter\CodeIgniter->handleRequest()
#6 /srv/http/alcala/index.php(37): CodeIgniter\CodeIgniter->run()
#7 {main}
CRITICAL - 2022-04-17 19:59:23 --> count(): Parameter must be an array or an object that implements Countable
#0 [internal function]: CodeIgniter\Debug\Exceptions->errorHandler()
#1 /srv/http/alcala/app/Models/RequestModel.php(27): count()
#2 /srv/http/alcala/app/Controllers/api/RequestsController.php(83): App\Models\RequestModel->getRequestByIdUser()
#3 /srv/http/alcala/system/CodeIgniter.php(824): App\Controllers\api\RequestsController->getRequestByUser()
#4 /srv/http/alcala/system/CodeIgniter.php(410): CodeIgniter\CodeIgniter->runController()
#5 /srv/http/alcala/system/CodeIgniter.php(318): CodeIgniter\CodeIgniter->handleRequest()
#6 /srv/http/alcala/index.php(37): CodeIgniter\CodeIgniter->run()
#7 {main}
CRITICAL - 2022-04-17 19:59:41 --> count(): Parameter must be an array or an object that implements Countable
#0 [internal function]: CodeIgniter\Debug\Exceptions->errorHandler()
#1 /srv/http/alcala/app/Models/RequestModel.php(31): count()
#2 /srv/http/alcala/app/Controllers/api/RequestsController.php(83): App\Models\RequestModel->getRequestByIdUser()
#3 /srv/http/alcala/system/CodeIgniter.php(824): App\Controllers\api\RequestsController->getRequestByUser()
#4 /srv/http/alcala/system/CodeIgniter.php(410): CodeIgniter\CodeIgniter->runController()
#5 /srv/http/alcala/system/CodeIgniter.php(318): CodeIgniter\CodeIgniter->handleRequest()
#6 /srv/http/alcala/index.php(37): CodeIgniter\CodeIgniter->run()
#7 {main}
CRITICAL - 2022-04-17 19:59:42 --> count(): Parameter must be an array or an object that implements Countable
#0 [internal function]: CodeIgniter\Debug\Exceptions->errorHandler()
#1 /srv/http/alcala/app/Models/RequestModel.php(31): count()
#2 /srv/http/alcala/app/Controllers/api/RequestsController.php(83): App\Models\RequestModel->getRequestByIdUser()
#3 /srv/http/alcala/system/CodeIgniter.php(824): App\Controllers\api\RequestsController->getRequestByUser()
#4 /srv/http/alcala/system/CodeIgniter.php(410): CodeIgniter\CodeIgniter->runController()
#5 /srv/http/alcala/system/CodeIgniter.php(318): CodeIgniter\CodeIgniter->handleRequest()
#6 /srv/http/alcala/index.php(37): CodeIgniter\CodeIgniter->run()
#7 {main}
